1775180910.6338456 [DEBUG] [launch.launch_context]: emitting event synchronously: 'launch.events.IncludeLaunchDescription'
1775180910.6351080 [INFO] [launch]: All log files can be found below /home/indie/.ros/log/2026-04-02-21-48-30-562707-indie-11465
1775180910.6352365 [INFO] [launch]: Default logging verbosity is set to DEBUG
1775180910.6755953 [DEBUG] [launch]: processing event: '<launch.events.include_launch_description.IncludeLaunchDescription object at 0x737dcf32ca10>'
1775180910.6758356 [DEBUG] [launch]: processing event: '<launch.events.include_launch_description.IncludeLaunchDescription object at 0x737dcf32ca10>' ✓ '<launch.event_handlers.on_include_launch_description.OnIncludeLaunchDescription object at 0x737dcf32c320>'
1775180911.3475370 [INFO] [gz-1]: process started with pid [11506]
1775180911.3478010 [DEBUG] [launch.launch_context]: emitting event: 'launch.events.process.ProcessStarted'
1775180911.3480284 [INFO] [robot_state_publisher-2]: process started with pid [11507]
1775180911.3481913 [DEBUG] [launch.launch_context]: emitting event: 'launch.events.process.ProcessStarted'
1775180911.3483071 [INFO] [rviz2-3]: process started with pid [11508]
1775180911.3484478 [DEBUG] [launch.launch_context]: emitting event: 'launch.events.process.ProcessStarted'
1775180911.3485651 [INFO] [ekf_node-4]: process started with pid [11509]
1775180911.3487077 [DEBUG] [launch.launch_context]: emitting event: 'launch.events.process.ProcessStarted'
1775180911.3488133 [INFO] [twist_mux-5]: process started with pid [11510]
1775180911.3489408 [DEBUG] [launch.launch_context]: emitting event: 'launch.events.process.ProcessStarted'
1775180911.3490376 [INFO] [apriltag_node-6]: process started with pid [11511]
1775180911.3491712 [DEBUG] [launch.launch_context]: emitting event: 'launch.events.process.ProcessStarted'
1775180911.3492792 [INFO] [component_container-7]: process started with pid [11512]
1775180911.3494089 [DEBUG] [launch.launch_context]: emitting event: 'launch.events.process.ProcessStarted'
1775180911.3495085 [INFO] [detected_dock_pose_publisher-8]: process started with pid [11513]
1775180911.3496487 [DEBUG] [launch.launch_context]: emitting event: 'launch.events.process.ProcessStarted'
1775180911.3497450 [INFO] [component_container-9]: process started with pid [11514]
1775180911.3498983 [DEBUG] [launch.launch_context]: emitting event: 'launch.events.process.ProcessStarted'
1775180911.3502369 [INFO] [create-10]: process started with pid [11517]
1775180911.3504736 [DEBUG] [launch.launch_context]: emitting event: 'launch.events.process.ProcessStarted'
1775180911.3506954 [DEBUG] [launch]: processing event: '<launch.events.process.process_started.ProcessStarted object at 0x737dcf525a90>'
1775180911.3514097 [DEBUG] [launch]: processing event: '<launch.events.process.process_started.ProcessStarted object at 0x737dcc53a420>'
1775180911.3522625 [DEBUG] [launch]: processing event: '<launch.events.process.process_started.ProcessStarted object at 0x737dcc538fe0>'
1775180911.3530064 [DEBUG] [launch]: processing event: '<launch.events.process.process_started.ProcessStarted object at 0x737dcc53b020>'
1775180911.3573885 [DEBUG] [launch]: processing event: '<launch.events.process.process_started.ProcessStarted object at 0x737dcc539010>'
1775180911.3581896 [DEBUG] [launch]: processing event: '<launch.events.process.process_started.ProcessStarted object at 0x737dcc53b530>'
1775180911.3613632 [DEBUG] [launch]: processing event: '<launch.events.process.process_started.ProcessStarted object at 0x737dcc53bd70>'
1775180911.3622980 [DEBUG] [launch]: processing event: '<launch.events.process.process_started.ProcessStarted object at 0x737dcc53bec0>'
1775180911.3633440 [DEBUG] [launch]: processing event: '<launch.events.process.process_started.ProcessStarted object at 0x737dcc538d10>'
1775180911.3646159 [DEBUG] [launch]: processing event: '<launch.events.process.process_started.ProcessStarted object at 0x737dcc53a8a0>'
1775180911.3938918 [DEBUG] [launch.launch_context]: emitting event synchronously: 'launch.events.process.ProcessStderr'
1775180911.3943081 [DEBUG] [launch]: processing event: '<launch.events.process.process_stderr.ProcessStderr object at 0x737dcf4ac470>'
1775180911.3945518 [DEBUG] [launch]: processing event: '<launch.events.process.process_stderr.ProcessStderr object at 0x737dcf4ac470>' ✓ '<launch.event_handlers.on_process_io.OnProcessIO object at 0x737dced5a270>'
1775180911.3966575 [DEBUG] [launch.launch_context]: emitting event synchronously: 'launch.events.process.ProcessStderr'
1775180911.3969195 [DEBUG] [launch]: processing event: '<launch.events.process.process_stderr.ProcessStderr object at 0x737dcf47e4b0>'
1775180911.3970587 [DEBUG] [launch]: processing event: '<launch.events.process.process_stderr.ProcessStderr object at 0x737dcf47e4b0>' ✓ '<launch.event_handlers.on_process_io.OnProcessIO object at 0x737dced5a270>'
1775180911.5448751 [DEBUG] [launch.launch_context]: emitting event synchronously: 'launch.events.process.ProcessStderr'
1775180911.5471239 [DEBUG] [launch]: processing event: '<launch.events.process.process_stderr.ProcessStderr object at 0x737dd41c4b30>'
1775180911.5490615 [DEBUG] [launch]: processing event: '<launch.events.process.process_stderr.ProcessStderr object at 0x737dd41c4b30>' ✓ '<launch.event_handlers.on_process_io.OnProcessIO object at 0x737dced59460>'
1775180911.5577269 [DEBUG] [launch.launch_context]: emitting event synchronously: 'launch.events.process.ProcessStderr'
1775180911.5582290 [DEBUG] [launch.launch_context]: emitting event synchronously: 'launch.events.process.ProcessStderr'
1775180911.5592864 [DEBUG] [launch]: processing event: '<launch.events.process.process_stderr.ProcessStderr object at 0x737dcf525a90>'
1775180911.5630391 [DEBUG] [launch]: processing event: '<launch.events.process.process_stderr.ProcessStderr object at 0x737dcf525a90>' ✓ '<launch.event_handlers.on_process_io.OnProcessIO object at 0x737dcc539fa0>'
1775180911.5641863 [DEBUG] [launch]: processing event: '<launch.events.process.process_stderr.ProcessStderr object at 0x737dcc53a4e0>'
1775180911.5644765 [DEBUG] [launch]: processing event: '<launch.events.process.process_stderr.ProcessStderr object at 0x737dcc53a4e0>' ✓ '<launch.event_handlers.on_process_io.OnProcessIO object at 0x737dcef0a300>'
1775180911.5646768 [robot_state_publisher-2] [1;33mWarning [Utils.cc:132][0m [/sdf/model[@name="garbo"]/link[@name="chassis"]/visual[@name="chassis_visual"]/inertial:<data-string>:L2]: XML Element[inertial], child of element[visual], not defined in SDF. Copying[inertial] as children of [visual].
1775180911.5751576 [DEBUG] [launch.launch_context]: emitting event synchronously: 'launch.events.process.ProcessStderr'
1775180911.5784388 [DEBUG] [launch]: processing event: '<launch.events.process.process_stderr.ProcessStderr object at 0x737dd41c4b30>'
1775180911.5787768 [DEBUG] [launch]: processing event: '<launch.events.process.process_stderr.ProcessStderr object at 0x737dd41c4b30>' ✓ '<launch.event_handlers.on_process_io.OnProcessIO object at 0x737dcef0a300>'
1775180911.5790257 [robot_state_publisher-2] [1;33mWarning [Utils.cc:132][0m [/sdf/model[@name="garbo"]/link[@name="depth_camera_link"]/sensor[@name="depth_camera"]/baseline:<data-string>:L2]: XML Element[baseline], child of element[sensor], not defined in SDF. Copying[baseline] as children of [sensor].
1775180911.5794737 [DEBUG] [launch.launch_context]: emitting event synchronously: 'launch.events.process.ProcessStderr'
1775180911.5810895 [DEBUG] [launch]: processing event: '<launch.events.process.process_stderr.ProcessStderr object at 0x737dd41c4b30>'
1775180911.5814686 [DEBUG] [launch]: processing event: '<launch.events.process.process_stderr.ProcessStderr object at 0x737dd41c4b30>' ✓ '<launch.event_handlers.on_process_io.OnProcessIO object at 0x737dcef0a300>'
1775180911.5817127 [robot_state_publisher-2] [1;33mWarning [Utils.cc:132][0m [/sdf/model[@name="garbo"]/link[@name="depth_camera_link"]/sensor[@name="depth_camera"]/pointCloudCutoff:<data-string>:L2]: XML Element[pointCloudCutoff], child of element[sensor], not defined in SDF. Copying[pointCloudCutoff] as children of [sensor].
1775180911.5818789 [robot_state_publisher-2] [1;33mWarning [Utils.cc:132][0m [/sdf/model[@name="garbo"]/link[@name="depth_camera_link"]/sensor[@name="depth_camera"]/pointCloudCutoffMax:<data-string>:L2]: XML Element[pointCloudCutoffMax], child of element[sensor], not defined in SDF. Copying[pointCloudCutoffMax] as children of [sensor].
1775180911.5820692 [robot_state_publisher-2] [1;33mWarning [Utils.cc:132][0m [/sdf/model[@name="garbo"]/link[@name="depth_camera_link"]/sensor[@name="depth_camera"]/distortionK1:<data-string>:L2]: XML Element[distortionK1], child of element[sensor], not defined in SDF. Copying[distortionK1] as children of [sensor].
1775180911.5822108 [robot_state_publisher-2] [1;33mWarning [Utils.cc:132][0m [/sdf/model[@name="garbo"]/link[@name="depth_camera_link"]/sensor[@name="depth_camera"]/distortionK2:<data-string>:L2]: XML Element[distortionK2], child of element[sensor], not defined in SDF. Copying[distortionK2] as children of [sensor].
1775180911.5823011 [robot_state_publisher-2] [1;33mWarning [Utils.cc:132][0m [/sdf/model[@name="garbo"]/link[@name="depth_camera_link"]/sensor[@name="depth_camera"]/distortionK3:<data-string>:L2]: XML Element[distortionK3], child of element[sensor], not defined in SDF. Copying[distortionK3] as children of [sensor].
1775180911.5823984 [robot_state_publisher-2] [1;33mWarning [Utils.cc:132][0m [/sdf/model[@name="garbo"]/link[@name="depth_camera_link"]/sensor[@name="depth_camera"]/distortionT1:<data-string>:L2]: XML Element[distortionT1], child of element[sensor], not defined in SDF. Copying[distortionT1] as children of [sensor].
1775180911.5824971 [robot_state_publisher-2] [1;33mWarning [Utils.cc:132][0m [/sdf/model[@name="garbo"]/link[@name="depth_camera_link"]/sensor[@name="depth_camera"]/distortionT2:<data-string>:L2]: XML Element[distortionT2], child of element[sensor], not defined in SDF. Copying[distortionT2] as children of [sensor].
1775180911.5826232 [robot_state_publisher-2] [1;33mWarning [Utils.cc:132][0m [/sdf/model[@name="garbo"]/link[@name="depth_camera_link"]/sensor[@name="depth_camera"]/focalLength:<data-string>:L2]: XML Element[focalLength], child of element[sensor], not defined in SDF. Copying[focalLength] as children of [sensor].
1775180911.5827281 [robot_state_publisher-2] [1;33mWarning [Utils.cc:132][0m [/sdf/model[@name="garbo"]/link[@name="depth_camera_link"]/sensor[@name="depth_camera"]/hackBaseline:<data-string>:L2]: XML Element[hackBaseline], child of element[sensor], not defined in SDF. Copying[hackBaseline] as children of [sensor].
1775180911.5841985 [DEBUG] [launch.launch_context]: emitting event synchronously: 'launch.events.process.ProcessStderr'
1775180911.5846157 [DEBUG] [launch]: processing event: '<launch.events.process.process_stderr.ProcessStderr object at 0x737dcf7f1ca0>'
1775180911.5848927 [DEBUG] [launch]: processing event: '<launch.events.process.process_stderr.ProcessStderr object at 0x737dcf7f1ca0>' ✓ '<launch.event_handlers.on_process_io.OnProcessIO object at 0x737dcef0a300>'
1775180911.5850947 [robot_state_publisher-2] [WARN] [1775180911.583377422] [sdformat_urdf]: SDFormat link [imu_link] has a <sensor>, but URDF does not support this
1775180911.5852222 [robot_state_publisher-2] [WARN] [1775180911.583461074] [sdformat_urdf]: SDFormat link [lidar_link] has a <sensor>, but URDF does not support this
1775180911.5853038 [robot_state_publisher-2] [WARN] [1775180911.583478893] [sdformat_urdf]: SDFormat link [depth_camera_link] has a <sensor>, but URDF does not support this
1775180911.5979040 [DEBUG] [launch.launch_context]: emitting event synchronously: 'launch.events.process.ProcessStderr'
1775180911.5983801 [DEBUG] [launch]: processing event: '<launch.events.process.process_stderr.ProcessStderr object at 0x737dcf47e4b0>'
1775180911.5986924 [DEBUG] [launch]: processing event: '<launch.events.process.process_stderr.ProcessStderr object at 0x737dcf47e4b0>' ✓ '<launch.event_handlers.on_process_io.OnProcessIO object at 0x737dcef0a300>'
1775180911.5989285 [robot_state_publisher-2] [WARN] [1775180911.597285701] [kdl_parser]: The root link base_link has an inertia specified in the URDF, but KDL does not support a root link with an inertia.  As a workaround, you can add an extra dummy link to your URDF.
1775180911.6255331 [DEBUG] [launch.launch_context]: emitting event synchronously: 'launch.events.process.ProcessStderr'
1775180911.6261191 [DEBUG] [launch]: processing event: '<launch.events.process.process_stderr.ProcessStderr object at 0x737dd41c4b30>'
1775180911.6264529 [DEBUG] [launch]: processing event: '<launch.events.process.process_stderr.ProcessStderr object at 0x737dd41c4b30>' ✓ '<launch.event_handlers.on_process_io.OnProcessIO object at 0x737dcef0a300>'
1775180911.6266484 [robot_state_publisher-2] [INFO] [1775180911.625091480] [robot_state_publisher]: Robot initialized
1775180911.6315267 [DEBUG] [launch.launch_context]: emitting event synchronously: 'launch.events.process.ProcessStderr'
1775180911.6319497 [DEBUG] [launch]: processing event: '<launch.events.process.process_stderr.ProcessStderr object at 0x737dcf7f1ca0>'
1775180911.6321898 [DEBUG] [launch]: processing event: '<launch.events.process.process_stderr.ProcessStderr object at 0x737dcf7f1ca0>' ✓ '<launch.event_handlers.on_process_io.OnProcessIO object at 0x737dcebda8a0>'
1775180911.7320676 [DEBUG] [launch_ros.actions.load_composable_nodes]: Calling the '/ros_gz_container/_container/load_node' service with request 'composition_interfaces.srv.LoadNode_Request(package_name='ros_gz_sim', plugin_name='ros_gz_sim::GzServer', node_name='gz_server', node_namespace='', log_level=0, remap_rules=[], parameters=[rcl_interfaces.msg.Parameter(name='world_sdf_file', value=rcl_interfaces.msg.ParameterValue(type=4, bool_value=False, integer_value=0, double_value=0.0, string_value='/home/indie/garbo_ws/install/garbo/share/garbo/world/driveway.sdf', byte_array_value=[], bool_array_value=[], integer_array_value=[], double_array_value=[], string_array_value=[])), rcl_interfaces.msg.Parameter(name='world_sdf_string', value=rcl_interfaces.msg.ParameterValue(type=4, bool_value=False, integer_value=0, double_value=0.0, string_value='', byte_array_value=[], bool_array_value=[], integer_array_value=[], double_array_value=[], string_array_value=[])), rcl_interfaces.msg.Parameter(name='initial_sim_time', value=rcl_interfaces.msg.ParameterValue(type=3, bool_value=False, integer_value=0, double_value=0.0, string_value='', byte_array_value=[], bool_array_value=[], integer_array_value=[], double_array_value=[], string_array_value=[]))], extra_arguments=[rcl_interfaces.msg.Parameter(name='use_intra_process_comms', value=rcl_interfaces.msg.ParameterValue(type=1, bool_value=True, integer_value=0, double_value=0.0, string_value='', byte_array_value=[], bool_array_value=[], integer_array_value=[], double_array_value=[], string_array_value=[]))])'
1775180911.7327859 [DEBUG] [launch_ros.actions.load_composable_nodes]: Calling the 'ros_gz_container/_container/load_node' service with request 'composition_interfaces.srv.LoadNode_Request(package_name='ros_gz_bridge', plugin_name='ros_gz_bridge::RosGzBridge', node_name='ros_gz_bridge', node_namespace='/', log_level=0, remap_rules=[], parameters=[rcl_interfaces.msg.Parameter(name='config_file', value=rcl_interfaces.msg.ParameterValue(type=4, bool_value=False, integer_value=0, double_value=0.0, string_value='/home/indie/garbo_ws/install/garbo/share/garbo/config/bridge_config.yaml', byte_array_value=[], bool_array_value=[], integer_array_value=[], double_array_value=[], string_array_value=[]))], extra_arguments=[rcl_interfaces.msg.Parameter(name='use_intra_process_comms', value=rcl_interfaces.msg.ParameterValue(type=1, bool_value=True, integer_value=0, double_value=0.0, string_value='', byte_array_value=[], bool_array_value=[], integer_array_value=[], double_array_value=[], string_array_value=[]))])'
1775180911.7357912 [DEBUG] [launch.launch_context]: emitting event synchronously: 'launch.events.process.ProcessStderr'
1775180911.7361538 [DEBUG] [launch]: processing event: '<launch.events.process.process_stderr.ProcessStderr object at 0x737dcc53ac00>'
1775180911.7362993 [DEBUG] [launch]: processing event: '<launch.events.process.process_stderr.ProcessStderr object at 0x737dcc53ac00>' ✓ '<launch.event_handlers.on_process_io.OnProcessIO object at 0x737dceb8b560>'
1775180911.7698593 [DEBUG] [launch_ros.actions.load_composable_nodes]: Calling the '/image_proc_container/_container/load_node' service with request 'composition_interfaces.srv.LoadNode_Request(package_name='image_proc', plugin_name='image_proc::RectifyNode', node_name='rectify_node', node_namespace='', log_level=0, remap_rules=['image:=depth_camera/image_raw', 'image_rect:=depth_camera/image_rect'], parameters=[], extra_arguments=[])'
1775180911.7706931 [DEBUG] [launch.launch_context]: emitting event synchronously: 'launch.events.process.ProcessStderr'
1775180911.7709894 [DEBUG] [launch]: processing event: '<launch.events.process.process_stderr.ProcessStderr object at 0x737dcc53bd40>'
1775180911.7711341 [DEBUG] [launch]: processing event: '<launch.events.process.process_stderr.ProcessStderr object at 0x737dcc53bd40>' ✓ '<launch.event_handlers.on_process_io.OnProcessIO object at 0x737dced5bdd0>'
1775180911.7712526 [component_container-7] [INFO] [1775180911.770467232] [image_proc_container]: Load Library: /opt/ros/kilted/lib/librectify.so
1775180911.7756629 [DEBUG] [launch.launch_context]: emitting event synchronously: 'launch.events.process.ProcessStderr'
1775180911.7767091 [DEBUG] [launch]: processing event: '<launch.events.process.process_stderr.ProcessStderr object at 0x737dcee1b860>'
1775180911.7769148 [DEBUG] [launch]: processing event: '<launch.events.process.process_stderr.ProcessStderr object at 0x737dcee1b860>' ✓ '<launch.event_handlers.on_process_io.OnProcessIO object at 0x737dceb8b560>'
1775180911.7906723 [DEBUG] [launch_ros.actions.load_composable_nodes]: Received response 'composition_interfaces.srv.LoadNode_Response(success=True, error_message='', full_node_name='/gz_server', unique_id=1)'
1775180911.7908506 [DEBUG] [launch.launch_context]: emitting event synchronously: 'launch.events.process.ProcessStderr'
1775180911.7911124 [INFO] [launch_ros.actions.load_composable_nodes]: Loaded node '/gz_server' in container '/ros_gz_container'
1775180911.7914214 [DEBUG] [launch]: processing event: '<launch.events.process.process_stderr.ProcessStderr object at 0x737dcf4160f0>'
1775180911.7917666 [DEBUG] [launch]: processing event: '<launch.events.process.process_stderr.ProcessStderr object at 0x737dcf4160f0>' ✓ '<launch.event_handlers.on_process_io.OnProcessIO object at 0x737dceb8b560>'
1775180911.8036327 [DEBUG] [launch.launch_context]: emitting event synchronously: 'launch.events.process.ProcessStderr'
1775180911.8039703 [DEBUG] [launch]: processing event: '<launch.events.process.process_stderr.ProcessStderr object at 0x737dd41c4b30>'
1775180911.8041265 [DEBUG] [launch]: processing event: '<launch.events.process.process_stderr.ProcessStderr object at 0x737dd41c4b30>' ✓ '<launch.event_handlers.on_process_io.OnProcessIO object at 0x737dced586e0>'
1775180911.8043945 [DEBUG] [launch.launch_context]: emitting event synchronously: 'launch.events.process.ProcessStderr'
1775180911.8048398 [DEBUG] [launch]: processing event: '<launch.events.process.process_stderr.ProcessStderr object at 0x737dd41c4b30>'
1775180911.8049736 [DEBUG] [launch]: processing event: '<launch.events.process.process_stderr.ProcessStderr object at 0x737dd41c4b30>' ✓ '<launch.event_handlers.on_process_io.OnProcessIO object at 0x737dced586e0>'
1775180911.8125367 [DEBUG] [launch.launch_context]: emitting event synchronously: 'launch.events.process.ProcessStderr'
1775180911.8129947 [DEBUG] [launch]: processing event: '<launch.events.process.process_stderr.ProcessStderr object at 0x737dcf525a90>'
1775180911.8132098 [DEBUG] [launch]: processing event: '<launch.events.process.process_stderr.ProcessStderr object at 0x737dcf525a90>' ✓ '<launch.event_handlers.on_process_io.OnProcessIO object at 0x737dceb8b560>'
1775180911.8326836 [DEBUG] [launch_ros.actions.load_composable_nodes]: Received response 'composition_interfaces.srv.LoadNode_Response(success=True, error_message='', full_node_name='/ros_gz_bridge', unique_id=2)'
1775180911.8339150 [DEBUG] [launch.launch_context]: emitting event synchronously: 'launch.events.process.ProcessStdout'
1775180911.8352051 [INFO] [launch_ros.actions.load_composable_nodes]: Loaded node '/ros_gz_bridge' in container 'ros_gz_container'
1775180911.8357909 [DEBUG] [launch]: processing event: '<launch.events.process.process_stdout.ProcessStdout object at 0x737dcebdb140>'
1775180911.8364267 [DEBUG] [launch]: processing event: '<launch.events.process.process_stdout.ProcessStdout object at 0x737dcebdb140>' ✓ '<launch.event_handlers.on_process_io.OnProcessIO object at 0x737dceb8b560>'
1775180911.8460486 [DEBUG] [launch.launch_context]: emitting event synchronously: 'launch.events.process.ProcessStderr'
1775180911.8465004 [DEBUG] [launch]: processing event: '<launch.events.process.process_stderr.ProcessStderr object at 0x737dcebcaa50>'
1775180911.8468230 [DEBUG] [launch]: processing event: '<launch.events.process.process_stderr.ProcessStderr object at 0x737dcebcaa50>' ✓ '<launch.event_handlers.on_process_io.OnProcessIO object at 0x737dced586e0>'
1775180911.8621774 [DEBUG] [launch.launch_context]: emitting event synchronously: 'launch.events.process.ProcessStderr'
1775180911.8625147 [DEBUG] [launch]: processing event: '<launch.events.process.process_stderr.ProcessStderr object at 0x737dcf4160f0>'
1775180911.8629320 [DEBUG] [launch]: processing event: '<launch.events.process.process_stderr.ProcessStderr object at 0x737dcf4160f0>' ✓ '<launch.event_handlers.on_process_io.OnProcessIO object at 0x737dced5bdd0>'
1775180911.8635666 [component_container-7] [INFO] [1775180911.861894208] [image_proc_container]: Found class: rclcpp_components::NodeFactoryTemplate<image_proc::RectifyNode>
1775180911.8641810 [component_container-7] [INFO] [1775180911.861946462] [image_proc_container]: Instantiate class: rclcpp_components::NodeFactoryTemplate<image_proc::RectifyNode>
1775180911.9143388 [DEBUG] [launch_ros.actions.load_composable_nodes]: Received response 'composition_interfaces.srv.LoadNode_Response(success=True, error_message='', full_node_name='/rectify_node', unique_id=1)'
1775180911.9147964 [INFO] [launch_ros.actions.load_composable_nodes]: Loaded node '/rectify_node' in container '/image_proc_container'
1775180912.1723180 [DEBUG] [launch.launch_context]: emitting event synchronously: 'launch.events.process.ProcessStderr'
1775180912.1727946 [DEBUG] [launch]: processing event: '<launch.events.process.process_stderr.ProcessStderr object at 0x737dced5b290>'
1775180912.1729844 [DEBUG] [launch]: processing event: '<launch.events.process.process_stderr.ProcessStderr object at 0x737dced5b290>' ✓ '<launch.event_handlers.on_process_io.OnProcessIO object at 0x737dced586e0>'
1775180912.2152698 [DEBUG] [launch.launch_context]: emitting event synchronously: 'launch.events.process.ProcessStderr'
1775180912.2159016 [DEBUG] [launch]: processing event: '<launch.events.process.process_stderr.ProcessStderr object at 0x737dcf416c30>'
1775180912.2161272 [DEBUG] [launch]: processing event: '<launch.events.process.process_stderr.ProcessStderr object at 0x737dcf416c30>' ✓ '<launch.event_handlers.on_process_io.OnProcessIO object at 0x737dced586e0>'
1775180912.2692211 [DEBUG] [launch.launch_context]: emitting event synchronously: 'launch.events.process.ProcessStderr'
1775180912.2695956 [DEBUG] [launch]: processing event: '<launch.events.process.process_stderr.ProcessStderr object at 0x737dcf43a240>'
1775180912.2699177 [DEBUG] [launch]: processing event: '<launch.events.process.process_stderr.ProcessStderr object at 0x737dcf43a240>' ✓ '<launch.event_handlers.on_process_io.OnProcessIO object at 0x737dced586e0>'
1775180912.3383138 [DEBUG] [launch.launch_context]: emitting event synchronously: 'launch.events.process.ProcessStderr'
1775180912.3385825 [DEBUG] [launch]: processing event: '<launch.events.process.process_stderr.ProcessStderr object at 0x737dd41c46b0>'
1775180912.3387499 [DEBUG] [launch]: processing event: '<launch.events.process.process_stderr.ProcessStderr object at 0x737dd41c46b0>' ✓ '<launch.event_handlers.on_process_io.OnProcessIO object at 0x737dced586e0>'
1775180912.3517754 [DEBUG] [launch.launch_context]: emitting event synchronously: 'launch.events.process.ProcessStderr'
1775180912.3520570 [DEBUG] [launch]: processing event: '<launch.events.process.process_stderr.ProcessStderr object at 0x737dcf525a90>'
1775180912.3521872 [DEBUG] [launch]: processing event: '<launch.events.process.process_stderr.ProcessStderr object at 0x737dcf525a90>' ✓ '<launch.event_handlers.on_process_io.OnProcessIO object at 0x737dced586e0>'
1775180912.3524454 [DEBUG] [launch.launch_context]: emitting event synchronously: 'launch.events.process.ProcessStderr'
1775180912.3528810 [DEBUG] [launch]: processing event: '<launch.events.process.process_stderr.ProcessStderr object at 0x737dcf525a90>'
1775180912.3529885 [DEBUG] [launch]: processing event: '<launch.events.process.process_stderr.ProcessStderr object at 0x737dcf525a90>' ✓ '<launch.event_handlers.on_process_io.OnProcessIO object at 0x737dced586e0>'
1775180912.3567631 [DEBUG] [launch.launch_context]: emitting event synchronously: 'launch.events.process.ProcessStderr'
1775180912.3570507 [DEBUG] [launch]: processing event: '<launch.events.process.process_stderr.ProcessStderr object at 0x737dd41c46b0>'
1775180912.3572221 [DEBUG] [launch]: processing event: '<launch.events.process.process_stderr.ProcessStderr object at 0x737dd41c46b0>' ✓ '<launch.event_handlers.on_process_io.OnProcessIO object at 0x737dced586e0>'
1775180912.8309968 [DEBUG] [launch.launch_context]: emitting event synchronously: 'launch.events.process.ProcessStderr'
1775180912.8313191 [DEBUG] [launch]: processing event: '<launch.events.process.process_stderr.ProcessStderr object at 0x737dcf46a540>'
1775180912.8314586 [DEBUG] [launch]: processing event: '<launch.events.process.process_stderr.ProcessStderr object at 0x737dcf46a540>' ✓ '<launch.event_handlers.on_process_io.OnProcessIO object at 0x737dceb8b560>'
1775180912.8329146 [DEBUG] [launch.launch_context]: emitting event synchronously: 'launch.events.process.ProcessStderr'
1775180912.8331993 [DEBUG] [launch]: processing event: '<launch.events.process.process_stderr.ProcessStderr object at 0x737dcf43a240>'
1775180912.8333147 [DEBUG] [launch]: processing event: '<launch.events.process.process_stderr.ProcessStderr object at 0x737dcf43a240>' ✓ '<launch.event_handlers.on_process_io.OnProcessIO object at 0x737dceb8b560>'
1775180912.8361778 [DEBUG] [launch.launch_context]: emitting event synchronously: 'launch.events.process.ProcessStderr'
1775180912.8365083 [DEBUG] [launch]: processing event: '<launch.events.process.process_stderr.ProcessStderr object at 0x737dd41a0890>'
1775180912.8366897 [DEBUG] [launch]: processing event: '<launch.events.process.process_stderr.ProcessStderr object at 0x737dd41a0890>' ✓ '<launch.event_handlers.on_process_io.OnProcessIO object at 0x737dceb8b560>'
1775180912.8415034 [DEBUG] [launch.launch_context]: emitting event synchronously: 'launch.events.process.ProcessStderr'
1775180912.8419590 [DEBUG] [launch]: processing event: '<launch.events.process.process_stderr.ProcessStderr object at 0x737dced5b290>'
1775180912.8421328 [DEBUG] [launch]: processing event: '<launch.events.process.process_stderr.ProcessStderr object at 0x737dced5b290>' ✓ '<launch.event_handlers.on_process_io.OnProcessIO object at 0x737dceb8b560>'
1775180912.8457215 [DEBUG] [launch.launch_context]: emitting event synchronously: 'launch.events.process.ProcessStderr'
1775180912.8460326 [DEBUG] [launch]: processing event: '<launch.events.process.process_stderr.ProcessStderr object at 0x737dd41c46b0>'
1775180912.8461604 [DEBUG] [launch]: processing event: '<launch.events.process.process_stderr.ProcessStderr object at 0x737dd41c46b0>' ✓ '<launch.event_handlers.on_process_io.OnProcessIO object at 0x737dceb8b560>'
1775180912.8502722 [DEBUG] [launch.launch_context]: emitting event synchronously: 'launch.events.process.ProcessStderr'
1775180912.8505073 [DEBUG] [launch]: processing event: '<launch.events.process.process_stderr.ProcessStderr object at 0x737dcf416c30>'
1775180912.8507740 [DEBUG] [launch]: processing event: '<launch.events.process.process_stderr.ProcessStderr object at 0x737dcf416c30>' ✓ '<launch.event_handlers.on_process_io.OnProcessIO object at 0x737dceb8b560>'
1775180912.8521881 [DEBUG] [launch.launch_context]: emitting event synchronously: 'launch.events.process.ProcessStderr'
1775180912.8528278 [DEBUG] [launch]: processing event: '<launch.events.process.process_stderr.ProcessStderr object at 0x737dcf43a240>'
1775180912.8530331 [DEBUG] [launch]: processing event: '<launch.events.process.process_stderr.ProcessStderr object at 0x737dcf43a240>' ✓ '<launch.event_handlers.on_process_io.OnProcessIO object at 0x737dceb8b560>'
1775180912.8551402 [DEBUG] [launch.launch_context]: emitting event synchronously: 'launch.events.process.ProcessStderr'
1775180912.8555872 [DEBUG] [launch]: processing event: '<launch.events.process.process_stderr.ProcessStderr object at 0x737dced5b290>'
1775180912.8557560 [DEBUG] [launch]: processing event: '<launch.events.process.process_stderr.ProcessStderr object at 0x737dced5b290>' ✓ '<launch.event_handlers.on_process_io.OnProcessIO object at 0x737dceb8b560>'
1775180912.8568316 [DEBUG] [launch.launch_context]: emitting event synchronously: 'launch.events.process.ProcessStderr'
1775180912.8571568 [DEBUG] [launch]: processing event: '<launch.events.process.process_stderr.ProcessStderr object at 0x737dcf46a540>'
1775180912.8573449 [DEBUG] [launch]: processing event: '<launch.events.process.process_stderr.ProcessStderr object at 0x737dcf46a540>' ✓ '<launch.event_handlers.on_process_io.OnProcessIO object at 0x737dceb8b560>'
1775180912.8587263 [DEBUG] [launch.launch_context]: emitting event synchronously: 'launch.events.process.ProcessStderr'
1775180912.8592093 [DEBUG] [launch]: processing event: '<launch.events.process.process_stderr.ProcessStderr object at 0x737dcf4160f0>'
1775180912.8593543 [DEBUG] [launch]: processing event: '<launch.events.process.process_stderr.ProcessStderr object at 0x737dcf4160f0>' ✓ '<launch.event_handlers.on_process_io.OnProcessIO object at 0x737dceb8b560>'
1775180913.8299763 [DEBUG] [launch.launch_context]: emitting event synchronously: 'launch.events.process.ProcessStdout'
1775180913.8301938 [DEBUG] [launch]: processing event: '<launch.events.process.process_stdout.ProcessStdout object at 0x737dcf416c30>'
1775180913.8302829 [DEBUG] [launch]: processing event: '<launch.events.process.process_stdout.ProcessStdout object at 0x737dcf416c30>' ✓ '<launch.event_handlers.on_process_io.OnProcessIO object at 0x737dceb8b560>'
1775180913.8652589 [DEBUG] [launch.launch_context]: emitting event synchronously: 'launch.events.process.ProcessStdout'
1775180913.8655186 [DEBUG] [launch]: processing event: '<launch.events.process.process_stdout.ProcessStdout object at 0x737dcf43a240>'
1775180913.8656967 [DEBUG] [launch]: processing event: '<launch.events.process.process_stdout.ProcessStdout object at 0x737dcf43a240>' ✓ '<launch.event_handlers.on_process_io.OnProcessIO object at 0x737dceb8b560>'
1775180913.8675246 [DEBUG] [launch.launch_context]: emitting event synchronously: 'launch.events.process.ProcessStdout'
1775180913.8677745 [DEBUG] [launch]: processing event: '<launch.events.process.process_stdout.ProcessStdout object at 0x737dced5b290>'
1775180913.8678613 [DEBUG] [launch]: processing event: '<launch.events.process.process_stdout.ProcessStdout object at 0x737dced5b290>' ✓ '<launch.event_handlers.on_process_io.OnProcessIO object at 0x737dceb8b560>'
1775180913.8680921 [DEBUG] [launch.launch_context]: emitting event synchronously: 'launch.events.process.ProcessStdout'
1775180913.8683891 [DEBUG] [launch]: processing event: '<launch.events.process.process_stdout.ProcessStdout object at 0x737dced5b290>'
1775180913.8684540 [DEBUG] [launch]: processing event: '<launch.events.process.process_stdout.ProcessStdout object at 0x737dced5b290>' ✓ '<launch.event_handlers.on_process_io.OnProcessIO object at 0x737dceb8b560>'
1775180913.9682150 [DEBUG] [launch.launch_context]: emitting event synchronously: 'launch.events.process.ProcessStdout'
1775180913.9687533 [DEBUG] [launch]: processing event: '<launch.events.process.process_stdout.ProcessStdout object at 0x737dcf43a240>'
1775180913.9689443 [DEBUG] [launch]: processing event: '<launch.events.process.process_stdout.ProcessStdout object at 0x737dcf43a240>' ✓ '<launch.event_handlers.on_process_io.OnProcessIO object at 0x737dceb8b560>'
1775180913.9694116 [DEBUG] [launch.launch_context]: emitting event synchronously: 'launch.events.process.ProcessStdout'
1775180913.9695687 [DEBUG] [launch.launch_context]: emitting event synchronously: 'launch.events.process.ProcessStderr'
1775180913.9699440 [DEBUG] [launch.launch_context]: emitting event synchronously: 'launch.events.process.ProcessStdout'
1775180913.9704702 [DEBUG] [launch]: processing event: '<launch.events.process.process_stdout.ProcessStdout object at 0x737dcf43a240>'
1775180913.9706557 [DEBUG] [launch]: processing event: '<launch.events.process.process_stdout.ProcessStdout object at 0x737dcf43a240>' ✓ '<launch.event_handlers.on_process_io.OnProcessIO object at 0x737dceb8b560>'
1775180913.9718943 [DEBUG] [launch.launch_context]: emitting event synchronously: 'launch.events.process.ProcessStdout'
1775180913.9721644 [DEBUG] [launch]: processing event: '<launch.events.process.process_stderr.ProcessStderr object at 0x737dcf46b560>'
1775180913.9723430 [DEBUG] [launch]: processing event: '<launch.events.process.process_stderr.ProcessStderr object at 0x737dcf46b560>' ✓ '<launch.event_handlers.on_process_io.OnProcessIO object at 0x737dcc539fa0>'
1775180913.9736979 [DEBUG] [launch]: processing event: '<launch.events.process.process_stdout.ProcessStdout object at 0x737dcf46a540>'
1775180913.9740102 [DEBUG] [launch]: processing event: '<launch.events.process.process_stdout.ProcessStdout object at 0x737dcf46a540>' ✓ '<launch.event_handlers.on_process_io.OnProcessIO object at 0x737dceb8b560>'
1775180913.9753339 [DEBUG] [launch.launch_context]: emitting event synchronously: 'launch.events.process.ProcessStdout'
1775180913.9759548 [DEBUG] [launch]: processing event: '<launch.events.process.process_stdout.ProcessStdout object at 0x737dced73b00>'
1775180913.9761527 [DEBUG] [launch]: processing event: '<launch.events.process.process_stdout.ProcessStdout object at 0x737dced73b00>' ✓ '<launch.event_handlers.on_process_io.OnProcessIO object at 0x737dceb8b560>'
1775180913.9768190 [DEBUG] [launch]: processing event: '<launch.events.process.process_stdout.ProcessStdout object at 0x737dcf416c30>'
1775180913.9769821 [DEBUG] [launch]: processing event: '<launch.events.process.process_stdout.ProcessStdout object at 0x737dcf416c30>' ✓ '<launch.event_handlers.on_process_io.OnProcessIO object at 0x737dceb8b560>'
1775180913.9823971 [DEBUG] [launch.launch_context]: emitting event synchronously: 'launch.events.process.ProcessStdout'
1775180913.9827721 [DEBUG] [launch]: processing event: '<launch.events.process.process_stdout.ProcessStdout object at 0x737dcf525a90>'
1775180913.9829624 [DEBUG] [launch]: processing event: '<launch.events.process.process_stdout.ProcessStdout object at 0x737dcf525a90>' ✓ '<launch.event_handlers.on_process_io.OnProcessIO object at 0x737dceb8b560>'
1775180913.9833276 [DEBUG] [launch.launch_context]: emitting event synchronously: 'launch.events.process.ProcessStdout'
1775180913.9836504 [DEBUG] [launch.launch_context]: emitting event synchronously: 'launch.events.process.ProcessStdout'
1775180913.9841018 [DEBUG] [launch]: processing event: '<launch.events.process.process_stdout.ProcessStdout object at 0x737dcf525a90>'
1775180913.9842098 [DEBUG] [launch]: processing event: '<launch.events.process.process_stdout.ProcessStdout object at 0x737dcf525a90>' ✓ '<launch.event_handlers.on_process_io.OnProcessIO object at 0x737dceb8b560>'
1775180913.9845531 [DEBUG] [launch.launch_context]: emitting event synchronously: 'launch.events.process.ProcessStdout'
1775180913.9848700 [DEBUG] [launch.launch_context]: emitting event synchronously: 'launch.events.process.ProcessStdout'
1775180913.9851561 [DEBUG] [launch]: processing event: '<launch.events.process.process_stdout.ProcessStdout object at 0x737dcf416c30>'
1775180913.9852309 [DEBUG] [launch]: processing event: '<launch.events.process.process_stdout.ProcessStdout object at 0x737dcf416c30>' ✓ '<launch.event_handlers.on_process_io.OnProcessIO object at 0x737dceb8b560>'
1775180913.9856439 [DEBUG] [launch]: processing event: '<launch.events.process.process_stdout.ProcessStdout object at 0x737dcf43a240>'
1775180913.9857118 [DEBUG] [launch]: processing event: '<launch.events.process.process_stdout.ProcessStdout object at 0x737dcf43a240>' ✓ '<launch.event_handlers.on_process_io.OnProcessIO object at 0x737dceb8b560>'
1775180913.9861653 [DEBUG] [launch]: processing event: '<launch.events.process.process_stdout.ProcessStdout object at 0x737dcf525a90>'
1775180913.9862311 [DEBUG] [launch]: processing event: '<launch.events.process.process_stdout.ProcessStdout object at 0x737dcf525a90>' ✓ '<launch.event_handlers.on_process_io.OnProcessIO object at 0x737dceb8b560>'
1775180914.0848079 [DEBUG] [launch.launch_context]: emitting event synchronously: 'launch.events.process.ProcessStdout'
1775180914.0852685 [DEBUG] [launch]: processing event: '<launch.events.process.process_stdout.ProcessStdout object at 0x737dcf46b560>'
1775180914.0856056 [DEBUG] [launch]: processing event: '<launch.events.process.process_stdout.ProcessStdout object at 0x737dcf46b560>' ✓ '<launch.event_handlers.on_process_io.OnProcessIO object at 0x737dceb8b560>'
1775180914.0860131 [DEBUG] [launch.launch_context]: emitting event synchronously: 'launch.events.process.ProcessStdout'
1775180914.0862780 [DEBUG] [launch.launch_context]: emitting event synchronously: 'launch.events.process.ProcessStdout'
1775180914.0878227 [DEBUG] [launch]: processing event: '<launch.events.process.process_stdout.ProcessStdout object at 0x737dcf46b560>'
1775180914.0879149 [DEBUG] [launch]: processing event: '<launch.events.process.process_stdout.ProcessStdout object at 0x737dcf46b560>' ✓ '<launch.event_handlers.on_process_io.OnProcessIO object at 0x737dceb8b560>'
1775180914.0886827 [INFO] [create-10]: process has finished cleanly [pid 11517]
1775180914.0887542 [DEBUG] [launch.launch_context]: emitting event: 'launch.events.process.ProcessExited'
1775180914.0888321 [DEBUG] [launch]: processing event: '<launch.events.process.process_stdout.ProcessStdout object at 0x737dd719d010>'
1775180914.0888894 [DEBUG] [launch]: processing event: '<launch.events.process.process_stdout.ProcessStdout object at 0x737dd719d010>' ✓ '<launch.event_handlers.on_process_io.OnProcessIO object at 0x737dceb8b560>'
1775180914.0892775 [DEBUG] [launch]: processing event: '<launch.events.process.process_exited.ProcessExited object at 0x737dcf416c30>'
1775180914.0893314 [DEBUG] [launch]: processing event: '<launch.events.process.process_exited.ProcessExited object at 0x737dcf416c30>' ✓ '<launch.event_handlers.on_process_exit.OnProcessExit object at 0x737dcc53b170>'
1775180914.0893960 [DEBUG] [launch]: processing event: '<launch.events.process.process_exited.ProcessExited object at 0x737dcf416c30>' ✓ '<launch.event_handlers.on_process_exit.OnProcessExit object at 0x737dcc53b7a0>'
1775180914.1343436 [DEBUG] [launch.launch_context]: emitting event synchronously: 'launch.events.process.ProcessStderr'
1775180914.1346023 [DEBUG] [launch]: processing event: '<launch.events.process.process_stderr.ProcessStderr object at 0x737dcf43a240>'
1775180914.1347692 [DEBUG] [launch]: processing event: '<launch.events.process.process_stderr.ProcessStderr object at 0x737dcf43a240>' ✓ '<launch.event_handlers.on_process_io.OnProcessIO object at 0x737dceb8b560>'
1775180914.1499951 [DEBUG] [launch.launch_context]: emitting event synchronously: 'launch.events.process.ProcessStderr'
1775180914.1503212 [DEBUG] [launch]: processing event: '<launch.events.process.process_stderr.ProcessStderr object at 0x737dcf525a90>'
1775180914.1505125 [DEBUG] [launch]: processing event: '<launch.events.process.process_stderr.ProcessStderr object at 0x737dcf525a90>' ✓ '<launch.event_handlers.on_process_io.OnProcessIO object at 0x737dceb8b560>'
1775180914.1511052 [DEBUG] [launch.launch_context]: emitting event synchronously: 'launch.events.process.ProcessStderr'
1775180914.1515026 [DEBUG] [launch]: processing event: '<launch.events.process.process_stderr.ProcessStderr object at 0x737dcf525a90>'
1775180914.1516771 [DEBUG] [launch]: processing event: '<launch.events.process.process_stderr.ProcessStderr object at 0x737dcf525a90>' ✓ '<launch.event_handlers.on_process_io.OnProcessIO object at 0x737dceb8b560>'
1775180914.1594572 [DEBUG] [launch.launch_context]: emitting event synchronously: 'launch.events.process.ProcessStdout'
1775180914.1597733 [DEBUG] [launch]: processing event: '<launch.events.process.process_stdout.ProcessStdout object at 0x737dced73bf0>'
1775180914.1599126 [DEBUG] [launch]: processing event: '<launch.events.process.process_stdout.ProcessStdout object at 0x737dced73bf0>' ✓ '<launch.event_handlers.on_process_io.OnProcessIO object at 0x737dceb8b560>'
1775180914.1609743 [DEBUG] [launch.launch_context]: emitting event synchronously: 'launch.events.process.ProcessStdout'
1775180914.1611741 [DEBUG] [launch]: processing event: '<launch.events.process.process_stdout.ProcessStdout object at 0x737dcf43a240>'
1775180914.1612513 [DEBUG] [launch]: processing event: '<launch.events.process.process_stdout.ProcessStdout object at 0x737dcf43a240>' ✓ '<launch.event_handlers.on_process_io.OnProcessIO object at 0x737dceb8b560>'
1775180914.1617439 [DEBUG] [launch.launch_context]: emitting event synchronously: 'launch.events.process.ProcessStderr'
1775180914.1618805 [DEBUG] [launch]: processing event: '<launch.events.process.process_stderr.ProcessStderr object at 0x737dcf525a90>'
1775180914.1619442 [DEBUG] [launch]: processing event: '<launch.events.process.process_stderr.ProcessStderr object at 0x737dcf525a90>' ✓ '<launch.event_handlers.on_process_io.OnProcessIO object at 0x737dceb8b560>'
1775180914.1621349 [DEBUG] [launch.launch_context]: emitting event synchronously: 'launch.events.process.ProcessStdout'
1775180914.1624649 [DEBUG] [launch]: processing event: '<launch.events.process.process_stdout.ProcessStdout object at 0x737dcf416c30>'
1775180914.1625986 [DEBUG] [launch]: processing event: '<launch.events.process.process_stdout.ProcessStdout object at 0x737dcf416c30>' ✓ '<launch.event_handlers.on_process_io.OnProcessIO object at 0x737dceb8b560>'
1775180914.1687603 [DEBUG] [launch.launch_context]: emitting event synchronously: 'launch.events.process.ProcessStdout'
1775180914.1689687 [DEBUG] [launch]: processing event: '<launch.events.process.process_stdout.ProcessStdout object at 0x737dcf43a240>'
1775180914.1690559 [DEBUG] [launch]: processing event: '<launch.events.process.process_stdout.ProcessStdout object at 0x737dcf43a240>' ✓ '<launch.event_handlers.on_process_io.OnProcessIO object at 0x737dceb8b560>'
1775180914.1693840 [DEBUG] [launch.launch_context]: emitting event synchronously: 'launch.events.process.ProcessStdout'
1775180914.1697068 [DEBUG] [launch]: processing event: '<launch.events.process.process_stdout.ProcessStdout object at 0x737dced5b290>'
1775180914.1697731 [DEBUG] [launch]: processing event: '<launch.events.process.process_stdout.ProcessStdout object at 0x737dced5b290>' ✓ '<launch.event_handlers.on_process_io.OnProcessIO object at 0x737dceb8b560>'
1775180914.1700389 [DEBUG] [launch.launch_context]: emitting event synchronously: 'launch.events.process.ProcessStdout'
1775180914.1703219 [DEBUG] [launch]: processing event: '<launch.events.process.process_stdout.ProcessStdout object at 0x737dd719d010>'
1775180914.1703870 [DEBUG] [launch]: processing event: '<launch.events.process.process_stdout.ProcessStdout object at 0x737dd719d010>' ✓ '<launch.event_handlers.on_process_io.OnProcessIO object at 0x737dceb8b560>'
1775180914.1800065 [DEBUG] [launch.launch_context]: emitting event synchronously: 'launch.events.process.ProcessStdout'
1775180914.1803555 [DEBUG] [launch]: processing event: '<launch.events.process.process_stdout.ProcessStdout object at 0x737dcf43a240>'
1775180914.1804776 [DEBUG] [launch]: processing event: '<launch.events.process.process_stdout.ProcessStdout object at 0x737dcf43a240>' ✓ '<launch.event_handlers.on_process_io.OnProcessIO object at 0x737dceb8b560>'
1775180914.1808128 [DEBUG] [launch.launch_context]: emitting event synchronously: 'launch.events.process.ProcessStdout'
1775180914.1810808 [DEBUG] [launch.launch_context]: emitting event synchronously: 'launch.events.process.ProcessStdout'
1775180914.1815333 [DEBUG] [launch]: processing event: '<launch.events.process.process_stdout.ProcessStdout object at 0x737dcf43a240>'
1775180914.1817102 [DEBUG] [launch]: processing event: '<launch.events.process.process_stdout.ProcessStdout object at 0x737dcf43a240>' ✓ '<launch.event_handlers.on_process_io.OnProcessIO object at 0x737dceb8b560>'
1775180914.1819835 [DEBUG] [launch.launch_context]: emitting event synchronously: 'launch.events.process.ProcessStdout'
1775180914.1823602 [DEBUG] [launch.launch_context]: emitting event synchronously: 'launch.events.process.ProcessStdout'
1775180914.1824486 [DEBUG] [launch]: processing event: '<launch.events.process.process_stdout.ProcessStdout object at 0x737dd719d010>'
1775180914.1825159 [DEBUG] [launch]: processing event: '<launch.events.process.process_stdout.ProcessStdout object at 0x737dd719d010>' ✓ '<launch.event_handlers.on_process_io.OnProcessIO object at 0x737dceb8b560>'
1775180914.1829340 [DEBUG] [launch]: processing event: '<launch.events.process.process_stdout.ProcessStdout object at 0x737dcf36bf80>'
1775180914.1830015 [DEBUG] [launch]: processing event: '<launch.events.process.process_stdout.ProcessStdout object at 0x737dcf36bf80>' ✓ '<launch.event_handlers.on_process_io.OnProcessIO object at 0x737dceb8b560>'
1775180914.1834722 [DEBUG] [launch]: processing event: '<launch.events.process.process_stdout.ProcessStdout object at 0x737dced73bf0>'
1775180914.1835434 [DEBUG] [launch]: processing event: '<launch.events.process.process_stdout.ProcessStdout object at 0x737dced73bf0>' ✓ '<launch.event_handlers.on_process_io.OnProcessIO object at 0x737dceb8b560>'
1775180914.2861340 [DEBUG] [launch.launch_context]: emitting event synchronously: 'launch.events.process.ProcessStdout'
1775180914.2867906 [DEBUG] [launch]: processing event: '<launch.events.process.process_stdout.ProcessStdout object at 0x737dced5b290>'
1775180914.2870402 [DEBUG] [launch]: processing event: '<launch.events.process.process_stdout.ProcessStdout object at 0x737dced5b290>' ✓ '<launch.event_handlers.on_process_io.OnProcessIO object at 0x737dceb8b560>'
1775180914.2877433 [DEBUG] [launch.launch_context]: emitting event synchronously: 'launch.events.process.ProcessStdout'
1775180914.2883072 [DEBUG] [launch.launch_context]: emitting event synchronously: 'launch.events.process.ProcessStdout'
1775180914.2891364 [DEBUG] [launch]: processing event: '<launch.events.process.process_stdout.ProcessStdout object at 0x737dced5b290>'
1775180914.2894239 [DEBUG] [launch]: processing event: '<launch.events.process.process_stdout.ProcessStdout object at 0x737dced5b290>' ✓ '<launch.event_handlers.on_process_io.OnProcessIO object at 0x737dceb8b560>'
1775180914.2913790 [DEBUG] [launch.launch_context]: emitting event synchronously: 'launch.events.process.ProcessStdout'
1775180914.2924621 [DEBUG] [launch]: processing event: '<launch.events.process.process_stdout.ProcessStdout object at 0x737dced73bf0>'
1775180914.2927804 [DEBUG] [launch]: processing event: '<launch.events.process.process_stdout.ProcessStdout object at 0x737dced73bf0>' ✓ '<launch.event_handlers.on_process_io.OnProcessIO object at 0x737dceb8b560>'
1775180914.2959414 [DEBUG] [launch]: processing event: '<launch.events.process.process_stdout.ProcessStdout object at 0x737dd719d010>'
1775180914.2963738 [DEBUG] [launch]: processing event: '<launch.events.process.process_stdout.ProcessStdout object at 0x737dd719d010>' ✓ '<launch.event_handlers.on_process_io.OnProcessIO object at 0x737dceb8b560>'
1775180914.3520758 [DEBUG] [launch.launch_context]: emitting event synchronously: 'launch.events.process.ProcessStdout'
1775180914.3523891 [DEBUG] [launch]: processing event: '<launch.events.process.process_stdout.ProcessStdout object at 0x737dced5b290>'
1775180914.3525314 [DEBUG] [launch]: processing event: '<launch.events.process.process_stdout.ProcessStdout object at 0x737dced5b290>' ✓ '<launch.event_handlers.on_process_io.OnProcessIO object at 0x737dceb8b560>'
1775180914.3805199 [DEBUG] [launch.launch_context]: emitting event synchronously: 'launch.events.process.ProcessStdout'
1775180914.3808758 [DEBUG] [launch]: processing event: '<launch.events.process.process_stdout.ProcessStdout object at 0x737dcf30ede0>'
1775180914.3809953 [DEBUG] [launch]: processing event: '<launch.events.process.process_stdout.ProcessStdout object at 0x737dcf30ede0>' ✓ '<launch.event_handlers.on_process_io.OnProcessIO object at 0x737dceb8b560>'
1775180914.4252853 [DEBUG] [launch.launch_context]: emitting event synchronously: 'launch.events.process.ProcessStdout'
1775180914.4257636 [DEBUG] [launch]: processing event: '<launch.events.process.process_stdout.ProcessStdout object at 0x737dcf43a240>'
1775180914.4259446 [DEBUG] [launch]: processing event: '<launch.events.process.process_stdout.ProcessStdout object at 0x737dcf43a240>' ✓ '<launch.event_handlers.on_process_io.OnProcessIO object at 0x737dceb8b560>'
1775180914.4263585 [DEBUG] [launch.launch_context]: emitting event synchronously: 'launch.events.process.ProcessStdout'
1775180914.4270170 [DEBUG] [launch]: processing event: '<launch.events.process.process_stdout.ProcessStdout object at 0x737dcf43a240>'
1775180914.4271631 [DEBUG] [launch]: processing event: '<launch.events.process.process_stdout.ProcessStdout object at 0x737dcf43a240>' ✓ '<launch.event_handlers.on_process_io.OnProcessIO object at 0x737dceb8b560>'
1775180914.4324181 [DEBUG] [launch.launch_context]: emitting event synchronously: 'launch.events.process.ProcessStdout'
1775180914.4327822 [DEBUG] [launch]: processing event: '<launch.events.process.process_stdout.ProcessStdout object at 0x737dcf30ede0>'
1775180914.4329329 [DEBUG] [launch]: processing event: '<launch.events.process.process_stdout.ProcessStdout object at 0x737dcf30ede0>' ✓ '<launch.event_handlers.on_process_io.OnProcessIO object at 0x737dceb8b560>'
1775180914.4334052 [DEBUG] [launch.launch_context]: emitting event synchronously: 'launch.events.process.ProcessStdout'
1775180914.4338386 [DEBUG] [launch]: processing event: '<launch.events.process.process_stdout.ProcessStdout object at 0x737dd719d010>'
1775180914.4339750 [DEBUG] [launch]: processing event: '<launch.events.process.process_stdout.ProcessStdout object at 0x737dd719d010>' ✓ '<launch.event_handlers.on_process_io.OnProcessIO object at 0x737dceb8b560>'
1775180914.5680521 [DEBUG] [launch.launch_context]: emitting event synchronously: 'launch.events.process.ProcessStderr'
1775180914.5683062 [DEBUG] [launch]: processing event: '<launch.events.process.process_stderr.ProcessStderr object at 0x737dcf36bf80>'
1775180914.5684571 [DEBUG] [launch]: processing event: '<launch.events.process.process_stderr.ProcessStderr object at 0x737dcf36bf80>' ✓ '<launch.event_handlers.on_process_io.OnProcessIO object at 0x737dced5b020>'
1775180915.2068777 [DEBUG] [launch.launch_context]: emitting event synchronously: 'launch.events.process.ProcessStderr'
1775180915.2075412 [DEBUG] [launch]: processing event: '<launch.events.process.process_stderr.ProcessStderr object at 0x737dcf30ede0>'
1775180915.2076972 [DEBUG] [launch]: processing event: '<launch.events.process.process_stderr.ProcessStderr object at 0x737dcf30ede0>' ✓ '<launch.event_handlers.on_process_io.OnProcessIO object at 0x737dcef0acc0>'
1775180915.2238722 [DEBUG] [launch.launch_context]: emitting event synchronously: 'launch.events.process.ProcessStderr'
1775180915.2242830 [DEBUG] [launch]: processing event: '<launch.events.process.process_stderr.ProcessStderr object at 0x737dced5b290>'
1775180915.2245214 [DEBUG] [launch]: processing event: '<launch.events.process.process_stderr.ProcessStderr object at 0x737dced5b290>' ✓ '<launch.event_handlers.on_process_io.OnProcessIO object at 0x737dcef0acc0>'
1775180915.2252345 [DEBUG] [launch.launch_context]: emitting event synchronously: 'launch.events.process.ProcessStderr'
1775180915.2259021 [DEBUG] [launch]: processing event: '<launch.events.process.process_stderr.ProcessStderr object at 0x737dced5b290>'
1775180915.2261977 [DEBUG] [launch]: processing event: '<launch.events.process.process_stderr.ProcessStderr object at 0x737dced5b290>' ✓ '<launch.event_handlers.on_process_io.OnProcessIO object at 0x737dcef0acc0>'
1775180915.2296076 [DEBUG] [launch.launch_context]: emitting event synchronously: 'launch.events.process.ProcessStderr'
1775180915.2300067 [DEBUG] [launch]: processing event: '<launch.events.process.process_stderr.ProcessStderr object at 0x737dcf36bf80>'
1775180915.2301550 [DEBUG] [launch]: processing event: '<launch.events.process.process_stderr.ProcessStderr object at 0x737dcf36bf80>' ✓ '<launch.event_handlers.on_process_io.OnProcessIO object at 0x737dceb8b560>'
1775180915.2304437 [DEBUG] [launch.launch_context]: emitting event synchronously: 'launch.events.process.ProcessStderr'
1775180915.2309136 [DEBUG] [launch]: processing event: '<launch.events.process.process_stderr.ProcessStderr object at 0x737dcf36bf80>'
1775180915.2310603 [DEBUG] [launch]: processing event: '<launch.events.process.process_stderr.ProcessStderr object at 0x737dcf36bf80>' ✓ '<launch.event_handlers.on_process_io.OnProcessIO object at 0x737dceb8b560>'
1775180915.2496033 [DEBUG] [launch.launch_context]: emitting event synchronously: 'launch.events.process.ProcessStderr'
1775180915.2498722 [DEBUG] [launch]: processing event: '<launch.events.process.process_stderr.ProcessStderr object at 0x737dd41c4b30>'
1775180915.2499695 [DEBUG] [launch]: processing event: '<launch.events.process.process_stderr.ProcessStderr object at 0x737dd41c4b30>' ✓ '<launch.event_handlers.on_process_io.OnProcessIO object at 0x737dceb8b560>'
1775180915.2502518 [DEBUG] [launch.launch_context]: emitting event synchronously: 'launch.events.process.ProcessStderr'
1775180915.2505994 [DEBUG] [launch]: processing event: '<launch.events.process.process_stderr.ProcessStderr object at 0x737dd41c4b30>'
1775180915.2506900 [DEBUG] [launch]: processing event: '<launch.events.process.process_stderr.ProcessStderr object at 0x737dd41c4b30>' ✓ '<launch.event_handlers.on_process_io.OnProcessIO object at 0x737dceb8b560>'
1775180915.2693050 [DEBUG] [launch.launch_context]: emitting event synchronously: 'launch.events.process.ProcessStderr'
1775180915.2696173 [DEBUG] [launch]: processing event: '<launch.events.process.process_stderr.ProcessStderr object at 0x737dced5b290>'
1775180915.2697351 [DEBUG] [launch]: processing event: '<launch.events.process.process_stderr.ProcessStderr object at 0x737dced5b290>' ✓ '<launch.event_handlers.on_process_io.OnProcessIO object at 0x737dceb8b560>'
1775180915.2701066 [DEBUG] [launch.launch_context]: emitting event synchronously: 'launch.events.process.ProcessStderr'
1775180915.2704241 [DEBUG] [launch]: processing event: '<launch.events.process.process_stderr.ProcessStderr object at 0x737dcf30ede0>'
1775180915.2705386 [DEBUG] [launch]: processing event: '<launch.events.process.process_stderr.ProcessStderr object at 0x737dcf30ede0>' ✓ '<launch.event_handlers.on_process_io.OnProcessIO object at 0x737dceb8b560>'
1775180915.2775853 [DEBUG] [launch.launch_context]: emitting event synchronously: 'launch.events.process.ProcessStderr'
1775180915.2781112 [DEBUG] [launch]: processing event: '<launch.events.process.process_stderr.ProcessStderr object at 0x737dcf525a90>'
1775180915.2782815 [DEBUG] [launch]: processing event: '<launch.events.process.process_stderr.ProcessStderr object at 0x737dcf525a90>' ✓ '<launch.event_handlers.on_process_io.OnProcessIO object at 0x737dceb8b560>'
1775180915.2818606 [DEBUG] [launch.launch_context]: emitting event synchronously: 'launch.events.process.ProcessStderr'
1775180915.2821946 [DEBUG] [launch]: processing event: '<launch.events.process.process_stderr.ProcessStderr object at 0x737dcf36bf80>'
1775180915.2823529 [DEBUG] [launch]: processing event: '<launch.events.process.process_stderr.ProcessStderr object at 0x737dcf36bf80>' ✓ '<launch.event_handlers.on_process_io.OnProcessIO object at 0x737dceb8b560>'
1775180915.2839770 [DEBUG] [launch.launch_context]: emitting event synchronously: 'launch.events.process.ProcessStderr'
1775180915.2844195 [DEBUG] [launch]: processing event: '<launch.events.process.process_stderr.ProcessStderr object at 0x737dcf43a240>'
1775180915.2876911 [DEBUG] [launch]: processing event: '<launch.events.process.process_stderr.ProcessStderr object at 0x737dcf43a240>' ✓ '<launch.event_handlers.on_process_io.OnProcessIO object at 0x737dceb8b560>'
1775180915.2913997 [DEBUG] [launch.launch_context]: emitting event synchronously: 'launch.events.process.ProcessStderr'
1775180915.2924135 [DEBUG] [launch]: processing event: '<launch.events.process.process_stderr.ProcessStderr object at 0x737dcf46b560>'
1775180915.2926359 [DEBUG] [launch]: processing event: '<launch.events.process.process_stderr.ProcessStderr object at 0x737dcf46b560>' ✓ '<launch.event_handlers.on_process_io.OnProcessIO object at 0x737dceb8b560>'
1775180915.2934337 [DEBUG] [launch.launch_context]: emitting event synchronously: 'launch.events.process.ProcessStderr'
1775180915.2972291 [DEBUG] [launch]: processing event: '<launch.events.process.process_stderr.ProcessStderr object at 0x737dcf30ede0>'
1775180915.2979639 [DEBUG] [launch]: processing event: '<launch.events.process.process_stderr.ProcessStderr object at 0x737dcf30ede0>' ✓ '<launch.event_handlers.on_process_io.OnProcessIO object at 0x737dceb8b560>'
1775180915.2994683 [DEBUG] [launch.launch_context]: emitting event synchronously: 'launch.events.process.ProcessStderr'
1775180915.3001590 [DEBUG] [launch.launch_context]: emitting event synchronously: 'launch.events.process.ProcessStderr'
1775180915.3028812 [DEBUG] [launch]: processing event: '<launch.events.process.process_stderr.ProcessStderr object at 0x737dcf525a90>'
1775180915.3068962 [DEBUG] [launch]: processing event: '<launch.events.process.process_stderr.ProcessStderr object at 0x737dcf525a90>' ✓ '<launch.event_handlers.on_process_io.OnProcessIO object at 0x737dceb8b560>'
1775180915.3077314 [DEBUG] [launch.launch_context]: emitting event synchronously: 'launch.events.process.ProcessStderr'
1775180915.3086250 [DEBUG] [launch]: processing event: '<launch.events.process.process_stderr.ProcessStderr object at 0x737dcf30ede0>'
1775180915.3099146 [DEBUG] [launch]: processing event: '<launch.events.process.process_stderr.ProcessStderr object at 0x737dcf30ede0>' ✓ '<launch.event_handlers.on_process_io.OnProcessIO object at 0x737dceb8b560>'
1775180915.3133028 [DEBUG] [launch]: processing event: '<launch.events.process.process_stderr.ProcessStderr object at 0x737dcf43a240>'
1775180915.3134940 [DEBUG] [launch]: processing event: '<launch.events.process.process_stderr.ProcessStderr object at 0x737dcf43a240>' ✓ '<launch.event_handlers.on_process_io.OnProcessIO object at 0x737dceb8b560>'
1775180915.3172286 [DEBUG] [launch.launch_context]: emitting event synchronously: 'launch.events.process.ProcessStderr'
1775180915.3175998 [DEBUG] [launch]: processing event: '<launch.events.process.process_stderr.ProcessStderr object at 0x737dcf525a90>'
1775180915.3178968 [DEBUG] [launch]: processing event: '<launch.events.process.process_stderr.ProcessStderr object at 0x737dcf525a90>' ✓ '<launch.event_handlers.on_process_io.OnProcessIO object at 0x737dceb8b560>'
1775180917.2040865 [DEBUG] [launch.launch_context]: emitting event synchronously: 'launch.events.process.ProcessStderr'
1775180917.2046983 [DEBUG] [launch]: processing event: '<launch.events.process.process_stderr.ProcessStderr object at 0x737dcf30ede0>'
1775180917.2049787 [DEBUG] [launch]: processing event: '<launch.events.process.process_stderr.ProcessStderr object at 0x737dcf30ede0>' ✓ '<launch.event_handlers.on_process_io.OnProcessIO object at 0x737dced586e0>'
1775180917.3009326 [DEBUG] [launch.launch_context]: emitting event synchronously: 'launch.events.process.ProcessStderr'
1775180917.3021991 [DEBUG] [launch]: processing event: '<launch.events.process.process_stderr.ProcessStderr object at 0x737dd719d010>'
1775180917.3025746 [DEBUG] [launch]: processing event: '<launch.events.process.process_stderr.ProcessStderr object at 0x737dd719d010>' ✓ '<launch.event_handlers.on_process_io.OnProcessIO object at 0x737dced586e0>'
1775180919.8268924 [DEBUG] [launch.launch_context]: emitting event synchronously: 'launch.events.process.ProcessStderr'
1775180919.8271828 [DEBUG] [launch]: processing event: '<launch.events.process.process_stderr.ProcessStderr object at 0x737dced5b290>'
1775180919.8273213 [DEBUG] [launch]: processing event: '<launch.events.process.process_stderr.ProcessStderr object at 0x737dced5b290>' ✓ '<launch.event_handlers.on_process_io.OnProcessIO object at 0x737dced586e0>'
1775180919.8275485 [DEBUG] [launch.launch_context]: emitting event synchronously: 'launch.events.process.ProcessStderr'
1775180919.8281167 [DEBUG] [launch]: processing event: '<launch.events.process.process_stderr.ProcessStderr object at 0x737dced5b290>'
1775180919.8283591 [DEBUG] [launch]: processing event: '<launch.events.process.process_stderr.ProcessStderr object at 0x737dced5b290>' ✓ '<launch.event_handlers.on_process_io.OnProcessIO object at 0x737dced586e0>'
1775180920.3277421 [DEBUG] [launch.launch_context]: emitting event synchronously: 'launch.events.process.ProcessStderr'
1775180920.3291113 [DEBUG] [launch]: processing event: '<launch.events.process.process_stderr.ProcessStderr object at 0x737dd719d010>'
1775180920.3297193 [DEBUG] [launch]: processing event: '<launch.events.process.process_stderr.ProcessStderr object at 0x737dd719d010>' ✓ '<launch.event_handlers.on_process_io.OnProcessIO object at 0x737dcef0acc0>'
1775180922.3560216 [DEBUG] [launch.launch_context]: emitting event synchronously: 'launch.events.process.ProcessStderr'
1775180922.3564672 [DEBUG] [launch]: processing event: '<launch.events.process.process_stderr.ProcessStderr object at 0x737dcf46a540>'
1775180922.3566909 [DEBUG] [launch]: processing event: '<launch.events.process.process_stderr.ProcessStderr object at 0x737dcf46a540>' ✓ '<launch.event_handlers.on_process_io.OnProcessIO object at 0x737dced586e0>'
1775180922.3570414 [DEBUG] [launch.launch_context]: emitting event synchronously: 'launch.events.process.ProcessStderr'
1775180922.3574896 [DEBUG] [launch]: processing event: '<launch.events.process.process_stderr.ProcessStderr object at 0x737dcf46a540>'
1775180922.3576236 [DEBUG] [launch]: processing event: '<launch.events.process.process_stderr.ProcessStderr object at 0x737dcf46a540>' ✓ '<launch.event_handlers.on_process_io.OnProcessIO object at 0x737dced586e0>'
1775180924.9823525 [WARNING] [launch]: user interrupted with ctrl-c (SIGINT)
1775180924.9852185 [DEBUG] [launch.launch_context]: emitting event synchronously: 'launch.events.Shutdown'
1775180924.9864480 [DEBUG] [launch.launch_context]: emitting event synchronously: 'launch.events.process.ProcessStderr'
1775180924.9866486 [DEBUG] [launch.launch_context]: emitting event synchronously: 'launch.events.process.ProcessStderr'
1775180924.9867668 [DEBUG] [launch.launch_context]: emitting event synchronously: 'launch.events.process.ProcessStderr'
1775180924.9868634 [DEBUG] [launch.launch_context]: emitting event synchronously: 'launch.events.process.ProcessStderr'
1775180924.9869595 [DEBUG] [launch.launch_context]: emitting event synchronously: 'launch.events.process.ProcessStderr'
1775180924.9870601 [DEBUG] [launch.launch_context]: emitting event synchronously: 'launch.events.process.ProcessStdout'
1775180924.9871800 [DEBUG] [launch]: processing event: '<launch.events.shutdown.Shutdown object at 0x737dcf4160f0>'
1775180924.9872897 [DEBUG] [launch]: processing event: '<launch.events.shutdown.Shutdown object at 0x737dcf4160f0>' ✓ '<launch.event_handlers.on_shutdown.OnShutdown object at 0x737dcc53b770>'
1775180924.9874332 [DEBUG] [launch]: processing event: '<launch.events.shutdown.Shutdown object at 0x737dcf4160f0>' ✓ '<launch.event_handlers.on_shutdown.OnShutdown object at 0x737dceb8bbc0>'
1775180924.9971128 [DEBUG] [launch]: processing event: '<launch.events.shutdown.Shutdown object at 0x737dcf4160f0>' ✓ '<launch.event_handlers.on_shutdown.OnShutdown object at 0x737dcebda900>'
1775180925.0048261 [DEBUG] [launch]: processing event: '<launch.events.shutdown.Shutdown object at 0x737dcf4160f0>' ✓ '<launch.event_handlers.on_shutdown.OnShutdown object at 0x737dcf2bb380>'
1775180927.0825739 [DEBUG] [launch]: processing event: '<launch.events.shutdown.Shutdown object at 0x737dcf4160f0>' ✓ '<launch.event_handlers.on_shutdown.OnShutdown object at 0x737dced5be00>'
1775180927.0833998 [DEBUG] [launch]: processing event: '<launch.events.shutdown.Shutdown object at 0x737dcf4160f0>' ✓ '<launch.event_handlers.on_shutdown.OnShutdown object at 0x737dced5b050>'
1775180927.0840678 [DEBUG] [launch]: processing event: '<launch.events.shutdown.Shutdown object at 0x737dcf4160f0>' ✓ '<launch.event_handlers.on_shutdown.OnShutdown object at 0x737dced5a2a0>'
1775180927.0849454 [DEBUG] [launch]: processing event: '<launch.events.shutdown.Shutdown object at 0x737dcf4160f0>' ✓ '<launch.event_handlers.on_shutdown.OnShutdown object at 0x737dced59490>'
1775180927.0855854 [DEBUG] [launch]: processing event: '<launch.events.shutdown.Shutdown object at 0x737dcf4160f0>' ✓ '<launch.event_handlers.on_shutdown.OnShutdown object at 0x737dced58710>'
1775180927.0862381 [DEBUG] [launch]: processing event: '<launch.events.shutdown.Shutdown object at 0x737dcf4160f0>' ✓ '<launch.event_handlers.on_shutdown.OnShutdown object at 0x737dcef0a270>'
1775180927.0868542 [DEBUG] [launch]: processing event: '<launch.events.shutdown.Shutdown object at 0x737dcf4160f0>' ✓ '<launch.event_handlers.on_shutdown.OnShutdown object at 0x737dcef0ad80>'
1775180927.0875294 [DEBUG] [launch]: processing event: '<launch.events.shutdown.Shutdown object at 0x737dcf4160f0>' ✓ '<launch.event_handlers.on_shutdown.OnShutdown object at 0x737dcf7f1a00>'
1775180927.0910683 [DEBUG] [launch.launch_context]: emitting event synchronously: 'launch.events.process.ProcessStderr'
1775180927.0912156 [DEBUG] [launch.launch_context]: emitting event synchronously: 'launch.events.process.ProcessStderr'
1775180927.0958323 [DEBUG] [launch.launch_context]: emitting event synchronously: 'launch.events.process.ProcessStdout'
1775180927.0959675 [DEBUG] [launch.launch_context]: emitting event synchronously: 'launch.events.process.ProcessStderr'
1775180927.0976372 [DEBUG] [launch]: processing event: '<launch.events.process.process_stderr.ProcessStderr object at 0x737dcf46b560>'
1775180927.0977645 [DEBUG] [launch]: processing event: '<launch.events.process.process_stderr.ProcessStderr object at 0x737dcf46b560>' ✓ '<launch.event_handlers.on_process_io.OnProcessIO object at 0x737dcebda8a0>'
1775180927.0984228 [INFO] [twist_mux-5]: process has finished cleanly [pid 11510]
1775180927.0984905 [DEBUG] [launch.launch_context]: emitting event: 'launch.events.process.ProcessExited'
1775180927.0986333 [INFO] [ekf_node-4]: process has finished cleanly [pid 11509]
1775180927.0986865 [DEBUG] [launch.launch_context]: emitting event: 'launch.events.process.ProcessExited'
1775180927.0988064 [INFO] [robot_state_publisher-2]: process has finished cleanly [pid 11507]
1775180927.0988550 [DEBUG] [launch.launch_context]: emitting event: 'launch.events.process.ProcessExited'
1775180927.0989738 [INFO] [component_container-7]: process has finished cleanly [pid 11512]
1775180927.0990226 [DEBUG] [launch.launch_context]: emitting event: 'launch.events.process.ProcessExited'
1775180927.0991406 [INFO] [detected_dock_pose_publisher-8]: process has finished cleanly [pid 11513]
1775180927.0991902 [DEBUG] [launch.launch_context]: emitting event: 'launch.events.process.ProcessExited'
1775180927.0993042 [INFO] [gz-1]: process has finished cleanly [pid 11506]
1775180927.0993526 [DEBUG] [launch.launch_context]: emitting event: 'launch.events.process.ProcessExited'
1775180927.0994737 [INFO] [component_container-9]: process has finished cleanly [pid 11514]
1775180927.0995245 [DEBUG] [launch.launch_context]: emitting event: 'launch.events.process.ProcessExited'
1775180927.0998013 [ERROR] [apriltag_node-6]: process has died [pid 11511, exit code -11, cmd '/opt/ros/kilted/lib/apriltag_ros/apriltag_node --ros-args -r __node:=apriltag_detector --params-file /home/indie/garbo_ws/install/garbo/share/garbo/config/apriltag.yaml --params-file /tmp/launch_params_lfa_kf9_ -r /image_rect:=/depth_camera/image_rect'].
1775180927.0999272 [DEBUG] [launch.launch_context]: emitting event: 'launch.events.process.ProcessExited'
1775180927.1015298 [DEBUG] [launch]: processing event: '<launch.events.process.process_stderr.ProcessStderr object at 0x737dcf416c30>'
1775180927.1017537 [DEBUG] [launch]: processing event: '<launch.events.process.process_stderr.ProcessStderr object at 0x737dcf416c30>' ✓ '<launch.event_handlers.on_process_io.OnProcessIO object at 0x737dced5bdd0>'
1775180927.1018643 [component_container-7] [INFO] [1775180924.976241926] [rclcpp]: signal_handler(SIGINT/SIGTERM)
1775180927.1024425 [DEBUG] [launch]: processing event: '<launch.events.process.process_stderr.ProcessStderr object at 0x737dcf525a90>'
1775180927.1025805 [DEBUG] [launch]: processing event: '<launch.events.process.process_stderr.ProcessStderr object at 0x737dcf525a90>' ✓ '<launch.event_handlers.on_process_io.OnProcessIO object at 0x737dced59460>'
1775180927.1031313 [DEBUG] [launch]: processing event: '<launch.events.process.process_stderr.ProcessStderr object at 0x737dd41c46b0>'
1775180927.1033957 [DEBUG] [launch]: processing event: '<launch.events.process.process_stderr.ProcessStderr object at 0x737dd41c46b0>' ✓ '<launch.event_handlers.on_process_io.OnProcessIO object at 0x737dced5a270>'
1775180927.1044204 [DEBUG] [launch]: processing event: '<launch.events.process.process_stderr.ProcessStderr object at 0x737dd41c4b30>'
1775180927.1046438 [DEBUG] [launch]: processing event: '<launch.events.process.process_stderr.ProcessStderr object at 0x737dd41c4b30>' ✓ '<launch.event_handlers.on_process_io.OnProcessIO object at 0x737dced586e0>'
1775180927.1051724 [DEBUG] [launch]: processing event: '<launch.events.process.process_stdout.ProcessStdout object at 0x737dced73b00>'
1775180927.1052752 [DEBUG] [launch]: processing event: '<launch.events.process.process_stdout.ProcessStdout object at 0x737dced73b00>' ✓ '<launch.event_handlers.on_process_io.OnProcessIO object at 0x737dceb8b560>'
1775180927.1058071 [DEBUG] [launch]: processing event: '<launch.events.process.process_stderr.ProcessStderr object at 0x737dcec28ec0>'
1775180927.1059051 [DEBUG] [launch]: processing event: '<launch.events.process.process_stderr.ProcessStderr object at 0x737dcec28ec0>' ✓ '<launch.event_handlers.on_process_io.OnProcessIO object at 0x737dcef0a300>'
1775180927.1059690 [robot_state_publisher-2] [INFO] [1775180924.980656512] [rclcpp]: signal_handler(SIGINT/SIGTERM)
1775180927.1063778 [DEBUG] [launch]: processing event: '<launch.events.process.process_stderr.ProcessStderr object at 0x737dcc5216d0>'
1775180927.1064737 [DEBUG] [launch]: processing event: '<launch.events.process.process_stderr.ProcessStderr object at 0x737dcc5216d0>' ✓ '<launch.event_handlers.on_process_io.OnProcessIO object at 0x737dced5b020>'
1775180927.1070700 [DEBUG] [launch]: processing event: '<launch.events.process.process_stdout.ProcessStdout object at 0x737dcc521310>'
1775180927.1072075 [DEBUG] [launch]: processing event: '<launch.events.process.process_stdout.ProcessStdout object at 0x737dcc521310>' ✓ '<launch.event_handlers.on_process_io.OnProcessIO object at 0x737dceb8b560>'
1775180927.1078870 [DEBUG] [launch]: processing event: '<launch.events.process.process_stderr.ProcessStderr object at 0x737dcc522630>'
1775180927.1080594 [DEBUG] [launch]: processing event: '<launch.events.process.process_stderr.ProcessStderr object at 0x737dcc522630>' ✓ '<launch.event_handlers.on_process_io.OnProcessIO object at 0x737dced586e0>'
1775180927.1087694 [DEBUG] [launch]: processing event: '<launch.events.process.process_exited.ProcessExited object at 0x737dcf43a240>'
1775180927.1089206 [DEBUG] [launch]: processing event: '<launch.events.process.process_exited.ProcessExited object at 0x737dcf43a240>' ✓ '<launch.event_handlers.on_process_exit.OnProcessExit object at 0x737dced5a420>'
1775180927.1090324 [DEBUG] [launch]: processing event: '<launch.events.process.process_exited.ProcessExited object at 0x737dcf43a240>' ✓ '<launch.event_handlers.on_process_exit.OnProcessExit object at 0x737dced5a360>'
1775180927.1094127 [DEBUG] [launch]: processing event: '<launch.events.process.process_exited.ProcessExited object at 0x737dcc538950>'
1775180927.1095033 [DEBUG] [launch]: processing event: '<launch.events.process.process_exited.ProcessExited object at 0x737dcc538950>' ✓ '<launch.event_handlers.on_process_exit.OnProcessExit object at 0x737dced59610>'
1775180927.1095960 [DEBUG] [launch]: processing event: '<launch.events.process.process_exited.ProcessExited object at 0x737dcc538950>' ✓ '<launch.event_handlers.on_process_exit.OnProcessExit object at 0x737dced59550>'
1775180927.1099172 [DEBUG] [launch]: processing event: '<launch.events.process.process_exited.ProcessExited object at 0x737dcc538170>'
1775180927.1099939 [DEBUG] [launch]: processing event: '<launch.events.process.process_exited.ProcessExited object at 0x737dcc538170>' ✓ '<launch.event_handlers.on_process_exit.OnProcessExit object at 0x737dcef0ba40>'
1775180927.1100430 [DEBUG] [launch]: processing event: '<launch.events.process.process_exited.ProcessExited object at 0x737dcc538170>' ✓ '<launch.event_handlers.on_process_exit.OnProcessExit object at 0x737dcef0b890>'
1775180927.1103446 [DEBUG] [launch]: processing event: '<launch.events.process.process_exited.ProcessExited object at 0x737dcf5259d0>'
1775180927.1104066 [DEBUG] [launch]: processing event: '<launch.events.process.process_exited.ProcessExited object at 0x737dcf5259d0>' ✓ '<launch.event_handlers.on_process_exit.OnProcessExit object at 0x737dced5bf80>'
1775180927.1104572 [DEBUG] [launch]: processing event: '<launch.events.process.process_exited.ProcessExited object at 0x737dcf5259d0>' ✓ '<launch.event_handlers.on_process_exit.OnProcessExit object at 0x737dced5bec0>'
1775180927.1107743 [DEBUG] [launch]: processing event: '<launch.events.process.process_exited.ProcessExited object at 0x737dcc539850>'
1775180927.1108320 [DEBUG] [launch]: processing event: '<launch.events.process.process_exited.ProcessExited object at 0x737dcc539850>' ✓ '<launch.event_handlers.on_process_exit.OnProcessExit object at 0x737dcebdaa80>'
1775180927.1108851 [DEBUG] [launch]: processing event: '<launch.events.process.process_exited.ProcessExited object at 0x737dcc539850>' ✓ '<launch.event_handlers.on_process_exit.OnProcessExit object at 0x737dcebda9c0>'
1775180927.1111844 [DEBUG] [launch]: processing event: '<launch.events.process.process_exited.ProcessExited object at 0x737dcc53a180>'
1775180927.1112676 [DEBUG] [launch]: processing event: '<launch.events.process.process_exited.ProcessExited object at 0x737dcc53a180>' ✓ '<launch.event_handlers.on_process_exit.OnProcessExit object at 0x737dcf32d040>'
1775180927.1113193 [DEBUG] [launch]: processing event: '<launch.events.process.process_exited.ProcessExited object at 0x737dcc53a180>' ✓ '<launch.event_handlers.on_process_exit.OnProcessExit object at 0x737dcf4153a0>'
1775180927.1116781 [DEBUG] [launch]: processing event: '<launch.events.process.process_exited.ProcessExited object at 0x737dcf4da0c0>'
1775180927.1117737 [DEBUG] [launch]: processing event: '<launch.events.process.process_exited.ProcessExited object at 0x737dcf4da0c0>' ✓ '<launch.event_handlers.on_process_exit.OnProcessExit object at 0x737dcec3f470>'
1775180927.1118612 [DEBUG] [launch]: processing event: '<launch.events.process.process_exited.ProcessExited object at 0x737dcf4da0c0>' ✓ '<launch.event_handlers.on_process_exit.OnProcessExit object at 0x737dcec3f4a0>'
1775180927.1124029 [DEBUG] [launch]: processing event: '<launch.events.process.process_exited.ProcessExited object at 0x737dcc535d00>'
1775180927.1125824 [DEBUG] [launch]: processing event: '<launch.events.process.process_exited.ProcessExited object at 0x737dcc535d00>' ✓ '<launch.event_handlers.on_process_exit.OnProcessExit object at 0x737dced5b1d0>'
1775180927.1127715 [DEBUG] [launch]: processing event: '<launch.events.process.process_exited.ProcessExited object at 0x737dcc535d00>' ✓ '<launch.event_handlers.on_process_exit.OnProcessExit object at 0x737dced5b110>'
1775180927.2658014 [ERROR] [rviz2-3]: process has died [pid 11508, exit code -6, cmd '/opt/ros/kilted/lib/rviz2/rviz2 -d /home/indie/garbo_ws/install/garbo/share/garbo/rviz/config.rviz --ros-args -r __node:=rviz2 --params-file /tmp/launch_params_jd49erhv'].
1775180927.2659473 [DEBUG] [launch.launch_context]: emitting event: 'launch.events.process.ProcessExited'
1775180927.2662749 [DEBUG] [launch]: processing event: '<launch.events.process.process_exited.ProcessExited object at 0x737dcf30ede0>'
1775180927.2664192 [DEBUG] [launch]: processing event: '<launch.events.process.process_exited.ProcessExited object at 0x737dcf30ede0>' ✓ '<launch.event_handlers.on_process_exit.OnProcessExit object at 0x737dced58890>'
1775180927.2665179 [DEBUG] [launch]: processing event: '<launch.events.process.process_exited.ProcessExited object at 0x737dcf30ede0>' ✓ '<launch.event_handlers.on_process_exit.OnProcessExit object at 0x737dced587d0>'
