1775182247.1049304 [INFO] [launch]: All log files can be found below /home/indie/.ros/log/2026-04-02-22-10-46-989498-indie-5043
1775182247.1051073 [INFO] [launch]: Default logging verbosity is set to INFO
1775182251.9017003 [INFO] [gz-1]: process started with pid [5106]
1775182251.9019341 [INFO] [robot_state_publisher-2]: process started with pid [5107]
1775182251.9043498 [INFO] [rviz2-3]: process started with pid [5108]
1775182251.9045122 [INFO] [ekf_node-4]: process started with pid [5109]
1775182251.9046409 [INFO] [twist_mux-5]: process started with pid [5110]
1775182251.9048030 [INFO] [apriltag_node-6]: process started with pid [5111]
1775182251.9048889 [INFO] [component_container-7]: process started with pid [5112]
1775182251.9050190 [INFO] [detected_dock_pose_publisher-8]: process started with pid [5113]
1775182251.9051571 [INFO] [component_container-9]: process started with pid [5114]
1775182251.9052072 [INFO] [create-10]: process started with pid [5115]
1775182253.5805428 [component_container-7] [INFO] [1775182253.580214498] [image_proc_container]: Load Library: /opt/ros/kilted/lib/librectify.so
1775182254.6941562 [robot_state_publisher-2] [1;33mWarning [Utils.cc:132][0m [/sdf/model[@name="garbo"]/link[@name="chassis"]/visual[@name="chassis_visual"]/inertial:<data-string>:L2]: XML Element[inertial], child of element[visual], not defined in SDF. Copying[inertial] as children of [visual].
1775182254.6998985 [INFO] [launch_ros.actions.load_composable_nodes]: Loaded node '/ros_gz_bridge' in container 'ros_gz_container'
1775182254.7068608 [robot_state_publisher-2] [1;33mWarning [Utils.cc:132][0m [/sdf/model[@name="garbo"]/link[@name="depth_camera_link"]/sensor[@name="depth_camera"]/baseline:<data-string>:L2]: XML Element[baseline], child of element[sensor], not defined in SDF. Copying[baseline] as children of [sensor].
1775182254.7074511 [robot_state_publisher-2] [1;33mWarning [Utils.cc:132][0m [/sdf/model[@name="garbo"]/link[@name="depth_camera_link"]/sensor[@name="depth_camera"]/pointCloudCutoff:<data-string>:L2]: XML Element[pointCloudCutoff], child of element[sensor], not defined in SDF. Copying[pointCloudCutoff] as children of [sensor].
1775182254.7076967 [robot_state_publisher-2] [1;33mWarning [Utils.cc:132][0m [/sdf/model[@name="garbo"]/link[@name="depth_camera_link"]/sensor[@name="depth_camera"]/pointCloudCutoffMax:<data-string>:L2]: XML Element[pointCloudCutoffMax], child of element[sensor], not defined in SDF. Copying[pointCloudCutoffMax] as children of [sensor].
1775182254.7078028 [robot_state_publisher-2] [1;33mWarning [Utils.cc:132][0m [/sdf/model[@name="garbo"]/link[@name="depth_camera_link"]/sensor[@name="depth_camera"]/distortionK1:<data-string>:L2]: XML Element[distortionK1], child of element[sensor], not defined in SDF. Copying[distortionK1] as children of [sensor].
1775182254.7081559 [robot_state_publisher-2] [1;33mWarning [Utils.cc:132][0m [/sdf/model[@name="garbo"]/link[@name="depth_camera_link"]/sensor[@name="depth_camera"]/distortionK2:<data-string>:L2]: XML Element[distortionK2], child of element[sensor], not defined in SDF. Copying[distortionK2] as children of [sensor].
1775182254.7082913 [robot_state_publisher-2] [1;33mWarning [Utils.cc:132][0m [/sdf/model[@name="garbo"]/link[@name="depth_camera_link"]/sensor[@name="depth_camera"]/distortionK3:<data-string>:L2]: XML Element[distortionK3], child of element[sensor], not defined in SDF. Copying[distortionK3] as children of [sensor].
1775182254.7083681 [robot_state_publisher-2] [1;33mWarning [Utils.cc:132][0m [/sdf/model[@name="garbo"]/link[@name="depth_camera_link"]/sensor[@name="depth_camera"]/distortionT1:<data-string>:L2]: XML Element[distortionT1], child of element[sensor], not defined in SDF. Copying[distortionT1] as children of [sensor].
1775182254.7084360 [robot_state_publisher-2] [1;33mWarning [Utils.cc:132][0m [/sdf/model[@name="garbo"]/link[@name="depth_camera_link"]/sensor[@name="depth_camera"]/distortionT2:<data-string>:L2]: XML Element[distortionT2], child of element[sensor], not defined in SDF. Copying[distortionT2] as children of [sensor].
1775182254.7085121 [robot_state_publisher-2] [1;33mWarning [Utils.cc:132][0m [/sdf/model[@name="garbo"]/link[@name="depth_camera_link"]/sensor[@name="depth_camera"]/focalLength:<data-string>:L2]: XML Element[focalLength], child of element[sensor], not defined in SDF. Copying[focalLength] as children of [sensor].
1775182254.7085855 [robot_state_publisher-2] [1;33mWarning [Utils.cc:132][0m [/sdf/model[@name="garbo"]/link[@name="depth_camera_link"]/sensor[@name="depth_camera"]/hackBaseline:<data-string>:L2]: XML Element[hackBaseline], child of element[sensor], not defined in SDF. Copying[hackBaseline] as children of [sensor].
1775182254.7138031 [robot_state_publisher-2] [WARN] [1775182254.713480945] [sdformat_urdf]: SDFormat link [imu_link] has a <sensor>, but URDF does not support this
1775182254.7140985 [robot_state_publisher-2] [WARN] [1775182254.713550806] [sdformat_urdf]: SDFormat link [lidar_link] has a <sensor>, but URDF does not support this
1775182254.7142429 [robot_state_publisher-2] [WARN] [1775182254.713562941] [sdformat_urdf]: SDFormat link [depth_camera_link] has a <sensor>, but URDF does not support this
1775182254.7242358 [robot_state_publisher-2] [WARN] [1775182254.723824354] [kdl_parser]: The root link base_link has an inertia specified in the URDF, but KDL does not support a root link with an inertia.  As a workaround, you can add an extra dummy link to your URDF.
1775182254.7384768 [robot_state_publisher-2] [INFO] [1775182254.738112860] [robot_state_publisher]: Robot initialized
1775182256.0532389 [INFO] [launch_ros.actions.load_composable_nodes]: Loaded node '/gz_server' in container '/ros_gz_container'
1775182258.1038024 [component_container-7] [INFO] [1775182258.103454947] [image_proc_container]: Found class: rclcpp_components::NodeFactoryTemplate<image_proc::RectifyNode>
1775182258.1040256 [component_container-7] [INFO] [1775182258.103505291] [image_proc_container]: Instantiate class: rclcpp_components::NodeFactoryTemplate<image_proc::RectifyNode>
1775182258.7341199 [INFO] [launch_ros.actions.load_composable_nodes]: Loaded node '/rectify_node' in container '/image_proc_container'
1775182259.4007926 [INFO] [create-10]: process has finished cleanly [pid 5115]
1775182269.2444103 [WARNING] [launch]: user interrupted with ctrl-c (SIGINT)
1775182269.7479179 [INFO] [robot_state_publisher-2]: process has finished cleanly [pid 5107]
1775182269.7480860 [INFO] [detected_dock_pose_publisher-8]: process has finished cleanly [pid 5113]
1775182269.7481885 [INFO] [twist_mux-5]: process has finished cleanly [pid 5110]
1775182269.7482748 [INFO] [ekf_node-4]: process has finished cleanly [pid 5109]
1775182269.7483575 [INFO] [component_container-7]: process has finished cleanly [pid 5112]
1775182269.7484446 [INFO] [component_container-9]: process has finished cleanly [pid 5114]
1775182269.7487023 [component_container-7] [INFO] [1775182269.243957631] [rclcpp]: signal_handler(SIGINT/SIGTERM)
1775182269.7494695 [robot_state_publisher-2] [INFO] [1775182269.244514890] [rclcpp]: signal_handler(SIGINT/SIGTERM)
1775182269.8164225 [INFO] [gz-1]: process has finished cleanly [pid 5106]
1775182270.6380198 [ERROR] [apriltag_node-6]: process has died [pid 5111, exit code -11, cmd '/opt/ros/kilted/lib/apriltag_ros/apriltag_node --ros-args -r __node:=apriltag_detector --params-file /home/indie/garbo_ws/install/garbo/share/garbo/config/apriltag.yaml --params-file /tmp/launch_params_foodg0p7 -r /image_rect:=/depth_camera/image_rect'].
1775182271.6703327 [ERROR] [rviz2-3]: process has died [pid 5108, exit code -6, cmd '/opt/ros/kilted/lib/rviz2/rviz2 -d /home/indie/garbo_ws/install/garbo/share/garbo/rviz/config.rviz --ros-args -r __node:=rviz2 --params-file /tmp/launch_params_oursbgr0'].
